{
  "RSpec": {
    "coverage": {
      "/Users/finnwilliamson/Projects/pairing-challenges/bookmark-manager/app.rb": {
        "lines": [
          1,
          1,
          null,
          1,
          null,
          1,
          1,
          null,
          null,
          1,
          2,
          2,
          null,
          null,
          1,
          1,
          null,
          null,
          1,
          1,
          1,
          null,
          null,
          1,
          null
        ]
      },
      "/Users/finnwilliamson/Projects/pairing-challenges/bookmark-manager/lib/bookmark.rb": {
        "lines": [
          1,
          null,
          1,
          1,
          1,
          null,
          1,
          15,
          15,
          15,
          null,
          null,
          1,
          3,
          3,
          null,
          0,
          null,
          null,
          3,
          3,
          7,
          null,
          null,
          null,
          1,
          8,
          8,
          null,
          0,
          null,
          8,
          8,
          null,
          null
        ]
      },
      "/Users/finnwilliamson/Projects/pairing-challenges/bookmark-manager/spec/setup_test_database.rb": {
        "lines": [
          1,
          null,
          1,
          5,
          null,
          5,
          null,
          5,
          null
        ]
      },
      "/Users/finnwilliamson/Projects/pairing-challenges/bookmark-manager/spec/bookmark_spec.rb": {
        "lines": [
          1,
          1,
          null,
          1,
          null,
          1,
          1,
          1,
          null,
          1,
          1,
          1,
          null,
          1,
          null,
          1,
          1,
          1,
          1,
          1,
          null,
          null,
          null,
          1,
          1,
          1,
          1,
          null,
          1,
          1,
          1,
          1,
          null,
          null,
          null,
          null
        ]
      },
      "/Users/finnwilliamson/Projects/pairing-challenges/bookmark-manager/spec/database_helpers.rb": {
        "lines": [
          1,
          null,
          1,
          1,
          1,
          1,
          null
        ]
      },
      "/Users/finnwilliamson/Projects/pairing-challenges/bookmark-manager/spec/features/adding_bookmark_spec.rb": {
        "lines": [
          1,
          1,
          1,
          1,
          1,
          1,
          1,
          null,
          null
        ]
      },
      "/Users/finnwilliamson/Projects/pairing-challenges/bookmark-manager/spec/features/viewing_bookmarks_spec.rb": {
        "lines": [
          1,
          null,
          1,
          1,
          1,
          1,
          null,
          null,
          null,
          1,
          1,
          1,
          1,
          1,
          null,
          1,
          null,
          1,
          1,
          1,
          null,
          null
        ]
      }
    },
    "timestamp": 1619106111
  }
}
