{
  "RSpec": {
    "coverage": {
      "/Users/finnwilliamson/Projects/pairing-challenges/bookmark-manager/app.rb": {
        "lines": [
          1,
          1,
          null,
          1,
          null,
          1,
          null,
          1,
          1,
          null,
          null,
          1,
          6,
          6,
          null,
          null,
          1,
          1,
          null,
          null,
          1,
          1,
          1,
          null,
          null,
          1,
          1,
          1,
          null,
          null,
          1,
          1,
          1,
          null,
          null,
          1,
          1,
          1,
          null,
          null,
          1,
          null
        ]
      },
      "/Users/finnwilliamson/Projects/pairing-challenges/bookmark-manager/lib/bookmark.rb": {
        "lines": [
          1,
          null,
          1,
          1,
          1,
          null,
          1,
          27,
          27,
          27,
          null,
          null,
          1,
          8,
          8,
          null,
          0,
          null,
          null,
          8,
          8,
          12,
          null,
          null,
          null,
          1,
          13,
          13,
          null,
          0,
          null,
          13,
          13,
          null,
          null,
          1,
          2,
          2,
          null,
          0,
          null,
          2,
          null,
          null,
          1,
          2,
          2,
          null,
          0,
          null,
          2,
          2,
          null,
          null,
          null
        ]
      },
      "/Users/finnwilliamson/Projects/pairing-challenges/bookmark-manager/spec/setup_test_database.rb": {
        "lines": [
          1,
          null,
          1,
          9,
          null,
          9,
          null,
          9,
          9,
          null
        ]
      },
      "/Users/finnwilliamson/Projects/pairing-challenges/bookmark-manager/spec/bookmark_spec.rb": {
        "lines": [
          1,
          1,
          null,
          1,
          null,
          1,
          1,
          1,
          null,
          1,
          1,
          1,
          null,
          1,
          null,
          1,
          1,
          1,
          1,
          1,
          null,
          null,
          null,
          1,
          1,
          1,
          1,
          null,
          1,
          1,
          1,
          1,
          null,
          null,
          null,
          1,
          1,
          1,
          null,
          1,
          null,
          1,
          null,
          null,
          null,
          1,
          1,
          1,
          1,
          null,
          1,
          1,
          1,
          1,
          null,
          null,
          null,
          null
        ]
      },
      "/Users/finnwilliamson/Projects/pairing-challenges/bookmark-manager/spec/database_helpers.rb": {
        "lines": [
          1,
          null,
          1,
          1,
          1,
          1,
          null
        ]
      },
      "/Users/finnwilliamson/Projects/pairing-challenges/bookmark-manager/spec/features/adding_bookmark_spec.rb": {
        "lines": [
          1,
          1,
          1,
          1,
          1,
          1,
          1,
          null,
          null
        ]
      },
      "/Users/finnwilliamson/Projects/pairing-challenges/bookmark-manager/spec/features/deleting_bookmark_spec.rb": {
        "lines": [
          1,
          1,
          1,
          1,
          1,
          1,
          1,
          null,
          1,
          null,
          1,
          1,
          1,
          null,
          null
        ]
      },
      "/Users/finnwilliamson/Projects/pairing-challenges/bookmark-manager/spec/features/updating_bookmark_spec.rb": {
        "lines": [
          1,
          1,
          1,
          1,
          1,
          null,
          1,
          1,
          null,
          1,
          1,
          1,
          null,
          1,
          1,
          1,
          null,
          null
        ]
      },
      "/Users/finnwilliamson/Projects/pairing-challenges/bookmark-manager/spec/features/viewing_bookmarks_spec.rb": {
        "lines": [
          1,
          null,
          1,
          1,
          1,
          1,
          null,
          null,
          null,
          1,
          1,
          1,
          1,
          1,
          null,
          1,
          null,
          1,
          1,
          1,
          null,
          null
        ]
      }
    },
    "timestamp": 1619210614
  }
}
